\BOOKMARK [0][-]{chapter.1}{Diagrammes}{}% 1
\BOOKMARK [1][-]{section.1.1}{Diagramme des fonctionnalit\351s}{chapter.1}% 2
\BOOKMARK [1][-]{section.1.2}{Diagramme physique}{chapter.1}% 3
\BOOKMARK [1][-]{section.1.3}{Diagramme de classes}{chapter.1}% 4
\BOOKMARK [1][-]{section.1.4}{Diagramme de s\351quences}{chapter.1}% 5
\BOOKMARK [0][-]{chapter.2}{Plan d'int\351gration}{}% 6
\BOOKMARK [0][-]{chapter.3}{Avancement de la construction du syst\350me}{}% 7
\BOOKMARK [1][-]{section.3.1}{Structure m\351canique}{chapter.3}% 8
\BOOKMARK [1][-]{section.3.2}{Communications sans fil}{chapter.3}% 9
\BOOKMARK [1][-]{section.3.3}{Alimentation}{chapter.3}% 10
\BOOKMARK [1][-]{section.3.4}{Contr\364le et asservissement des moteurs}{chapter.3}% 11
\BOOKMARK [1][-]{section.3.5}{Pr\351henseur et \351lectroaimant}{chapter.3}% 12
\BOOKMARK [1][-]{section.3.6}{Code Manchester}{chapter.3}% 13
\BOOKMARK [1][-]{section.3.7}{Induction pour recharge}{chapter.3}% 14
\BOOKMARK [1][-]{section.3.8}{Interface de la station de base}{chapter.3}% 15
\BOOKMARK [1][-]{section.3.9}{Planification de la trajectoire}{chapter.3}% 16
\BOOKMARK [1][-]{section.3.10}{Contr\364le de la cam\351ra}{chapter.3}% 17
\BOOKMARK [1][-]{section.3.11}{Syst\350me de vision}{chapter.3}% 18
\BOOKMARK [1][-]{section.3.12}{Localisation des \356les, des tr\351sors et du robot}{chapter.3}% 19
\BOOKMARK [0][-]{chapter*.12}{Bibliographie}{}% 20
